{"C:\\Users\\khanc\\Learning\\CSI\\project-backend\\Project-CSI401\\src\\api\\v1\\HR\\checkEmp\\route.ts": {"path":"C:\\Users\\khanc\\Learning\\CSI\\project-backend\\Project-CSI401\\src\\api\\v1\\HR\\checkEmp\\route.ts","statementMap":{"0":{"start":{"line":3,"column":25},"end":{"line":3,"column":34}},"1":{"start":{"line":114,"column":0},"end":{"line":148,"column":3}},"2":{"start":{"line":127,"column":2},"end":{"line":145,"column":3}},"3":{"start":{"line":129,"column":23},"end":{"line":129,"column":47}},"4":{"start":{"line":130,"column":39},"end":{"line":134,"column":5}},"5":{"start":{"line":135,"column":4},"end":{"line":135,"column":39}},"6":{"start":{"line":137,"column":4},"end":{"line":137,"column":23}},"7":{"start":{"line":138,"column":39},"end":{"line":143,"column":5}},"8":{"start":{"line":144,"column":4},"end":{"line":144,"column":38}},"9":{"start":{"line":252,"column":0},"end":{"line":323,"column":2}},"10":{"start":{"line":256,"column":27},"end":{"line":256,"column":38}},"11":{"start":{"line":257,"column":26},"end":{"line":257,"column":52}},"12":{"start":{"line":258,"column":29},"end":{"line":258,"column":54}},"13":{"start":{"line":259,"column":24},"end":{"line":259,"column":56}},"14":{"start":{"line":261,"column":22},"end":{"line":261,"column":30}},"15":{"start":{"line":263,"column":4},"end":{"line":321,"column":5}},"16":{"start":{"line":264,"column":44},"end":{"line":269,"column":7}},"17":{"start":{"line":270,"column":6},"end":{"line":270,"column":43}},"18":{"start":{"line":272,"column":6},"end":{"line":320,"column":7}},"19":{"start":{"line":273,"column":46},"end":{"line":277,"column":9}},"20":{"start":{"line":278,"column":8},"end":{"line":278,"column":45}},"21":{"start":{"line":280,"column":8},"end":{"line":319,"column":9}},"22":{"start":{"line":282,"column":51},"end":{"line":287,"column":11}},"23":{"start":{"line":288,"column":10},"end":{"line":288,"column":50}},"24":{"start":{"line":290,"column":10},"end":{"line":318,"column":11}},"25":{"start":{"line":292,"column":31},"end":{"line":292,"column":69}},"26":{"start":{"line":293,"column":12},"end":{"line":301,"column":13}},"27":{"start":{"line":295,"column":49},"end":{"line":299,"column":15}},"28":{"start":{"line":300,"column":14},"end":{"line":300,"column":48}},"29":{"start":{"line":303,"column":45},"end":{"line":307,"column":13}},"30":{"start":{"line":308,"column":12},"end":{"line":308,"column":45}},"31":{"start":{"line":310,"column":12},"end":{"line":310,"column":31}},"32":{"start":{"line":311,"column":47},"end":{"line":316,"column":13}},"33":{"start":{"line":317,"column":12},"end":{"line":317,"column":46}}},"fnMap":{"0":{"name":"(anonymous_0)","decl":{"start":{"line":114,"column":27},"end":{"line":114,"column":28}},"loc":{"start":{"line":114,"column":66},"end":{"line":148,"column":1}},"line":114},"1":{"name":"(anonymous_1)","decl":{"start":{"line":255,"column":2},"end":{"line":255,"column":3}},"loc":{"start":{"line":255,"column":41},"end":{"line":322,"column":3}},"line":255}},"branchMap":{"0":{"loc":{"start":{"line":263,"column":4},"end":{"line":321,"column":5}},"type":"if","locations":[{"start":{"line":263,"column":4},"end":{"line":321,"column":5}},{"start":{"line":271,"column":11},"end":{"line":321,"column":5}}],"line":263},"1":{"loc":{"start":{"line":263,"column":8},"end":{"line":263,"column":58}},"type":"binary-expr","locations":[{"start":{"line":263,"column":8},"end":{"line":263,"column":20}},{"start":{"line":263,"column":24},"end":{"line":263,"column":58}}],"line":263},"2":{"loc":{"start":{"line":272,"column":6},"end":{"line":320,"column":7}},"type":"if","locations":[{"start":{"line":272,"column":6},"end":{"line":320,"column":7}},{"start":{"line":279,"column":13},"end":{"line":320,"column":7}}],"line":272},"3":{"loc":{"start":{"line":280,"column":8},"end":{"line":319,"column":9}},"type":"if","locations":[{"start":{"line":280,"column":8},"end":{"line":319,"column":9}},{"start":{"line":289,"column":15},"end":{"line":319,"column":9}}],"line":280},"4":{"loc":{"start":{"line":293,"column":12},"end":{"line":301,"column":13}},"type":"if","locations":[{"start":{"line":293,"column":12},"end":{"line":301,"column":13}},{"start":{},"end":{}}],"line":293}},"s":{"0":1,"1":1,"2":0,"3":0,"4":0,"5":0,"6":0,"7":0,"8":0,"9":1,"10":0,"11":0,"12":0,"13":0,"14":0,"15":0,"16":0,"17":0,"18":0,"19":0,"20":0,"21":0,"22":0,"23":0,"24":0,"25":0,"26":0,"27":0,"28":0,"29":0,"30":0,"31":0,"32":0,"33":0},"f":{"0":0,"1":0},"b":{"0":[0,0],"1":[0,0],"2":[0,0],"3":[0,0],"4":[0,0]},"_coverageSchema":"1a1c01bbd47fc00a2c39e90264f33305004495a9","hash":"3a3f1ecbdb683dd575de364931bf8c6f21ee730d"}
,"C:\\Users\\khanc\\Learning\\CSI\\project-backend\\Project-CSI401\\src\\api\\v1\\Schema\\emp.ts": {"path":"C:\\Users\\khanc\\Learning\\CSI\\project-backend\\Project-CSI401\\src\\api\\v1\\Schema\\emp.ts","statementMap":{"0":{"start":{"line":3,"column":18},"end":{"line":15,"column":24}},"1":{"start":{"line":17,"column":25},"end":{"line":17,"column":64}}},"fnMap":{},"branchMap":{},"s":{"0":1,"1":1},"f":{},"b":{},"_coverageSchema":"1a1c01bbd47fc00a2c39e90264f33305004495a9","hash":"f22ddcf9fd04e9d654784cf7828463186d067ffe"}
,"C:\\Users\\khanc\\Learning\\CSI\\project-backend\\Project-CSI401\\src\\api\\v1\\middleware\\route.ts": {"path":"C:\\Users\\khanc\\Learning\\CSI\\project-backend\\Project-CSI401\\src\\api\\v1\\middleware\\route.ts","statementMap":{"0":{"start":{"line":5,"column":26},"end":{"line":5,"column":72}},"1":{"start":{"line":11,"column":27},"end":{"line":38,"column":1}},"2":{"start":{"line":16,"column":2},"end":{"line":37,"column":3}},"3":{"start":{"line":17,"column":18},"end":{"line":17,"column":46}},"4":{"start":{"line":19,"column":4},"end":{"line":30,"column":5}},"5":{"start":{"line":20,"column":6},"end":{"line":24,"column":9}},"6":{"start":{"line":26,"column":22},"end":{"line":26,"column":51}},"7":{"start":{"line":27,"column":6},"end":{"line":27,"column":25}},"8":{"start":{"line":29,"column":6},"end":{"line":29,"column":13}},"9":{"start":{"line":32,"column":4},"end":{"line":36,"column":7}}},"fnMap":{"0":{"name":"(anonymous_0)","decl":{"start":{"line":11,"column":27},"end":{"line":11,"column":28}},"loc":{"start":{"line":15,"column":5},"end":{"line":38,"column":1}},"line":15}},"branchMap":{"0":{"loc":{"start":{"line":19,"column":4},"end":{"line":30,"column":5}},"type":"if","locations":[{"start":{"line":19,"column":4},"end":{"line":30,"column":5}},{"start":{"line":25,"column":11},"end":{"line":30,"column":5}}],"line":19}},"s":{"0":1,"1":1,"2":0,"3":0,"4":0,"5":0,"6":0,"7":0,"8":0,"9":0},"f":{"0":0},"b":{"0":[0,0]},"_coverageSchema":"1a1c01bbd47fc00a2c39e90264f33305004495a9","hash":"e8118ce9e447a953d4054dab1669d67d98700149"}
}
