TN:
SF:src\api\v1\HR\checkEmp\route.ts
FN:114,(anonymous_0)
FN:255,(anonymous_1)
FNF:2
FNH:0
FNDA:0,(anonymous_0)
FNDA:0,(anonymous_1)
DA:3,1
DA:114,1
DA:127,0
DA:129,0
DA:130,0
DA:135,0
DA:137,0
DA:138,0
DA:144,0
DA:252,1
DA:256,0
DA:257,0
DA:258,0
DA:259,0
DA:261,0
DA:263,0
DA:264,0
DA:270,0
DA:272,0
DA:273,0
DA:278,0
DA:280,0
DA:282,0
DA:288,0
DA:290,0
DA:292,0
DA:293,0
DA:295,0
DA:300,0
DA:303,0
DA:308,0
DA:310,0
DA:311,0
DA:317,0
LF:34
LH:3
BRDA:263,0,0,0
BRDA:263,0,1,0
BRDA:263,1,0,0
BRDA:263,1,1,0
BRDA:272,2,0,0
BRDA:272,2,1,0
BRDA:280,3,0,0
BRDA:280,3,1,0
BRDA:293,4,0,0
BRDA:293,4,1,0
BRF:10
BRH:0
end_of_record
TN:
SF:src\api\v1\Schema\emp.ts
FNF:0
FNH:0
DA:3,1
DA:17,1
LF:2
LH:2
BRF:0
BRH:0
end_of_record
TN:
SF:src\api\v1\middleware\route.ts
FN:11,(anonymous_0)
FNF:1
FNH:0
FNDA:0,(anonymous_0)
DA:5,1
DA:11,1
DA:16,0
DA:17,0
DA:19,0
DA:20,0
DA:26,0
DA:27,0
DA:29,0
DA:32,0
LF:10
LH:2
BRDA:19,0,0,0
BRDA:19,0,1,0
BRF:2
BRH:0
end_of_record
